SF:lib/routes/app_router.dart
DA:7,0
DA:8,0
DA:9,0
DA:11,0
DA:12,0
DA:13,0
DA:14,0
DA:16,0
DA:17,0
DA:18,0
DA:19,0
DA:20,0
DA:21,0
DA:28,0
DA:29,0
DA:31,0
DA:32,0
DA:34,0
DA:35,0
DA:36,0
DA:37,0
DA:38,0
DA:39,0
DA:45,0
DA:46,0
DA:47,0
DA:55,0
DA:59,0
DA:64,0
DA:66,0
LF:30
LH:0
end_of_record
SF:lib/data/data_mappers/product_data_mapper.dart
DA:5,0
DA:6,0
DA:7,0
DA:8,0
DA:9,0
DA:10,0
DA:11,0
DA:12,0
DA:13,0
DA:14,0
DA:15,0
DA:16,0
DA:17,0
DA:20,0
DA:21,0
DA:22,0
DA:23,0
DA:24,0
DA:26,0
DA:28,0
DA:32,0
DA:33,0
DA:34,0
DA:35,0
DA:36,0
DA:39,0
DA:40,0
DA:43,0
DA:44,0
DA:45,0
DA:46,0
DA:50,0
DA:51,0
DA:54,0
DA:55,0
DA:56,0
DA:58,0
DA:59,0
DA:60,0
DA:61,0
DA:62,0
DA:64,0
DA:66,0
DA:70,0
DA:71,0
DA:73,0
DA:75,0
DA:78,0
DA:79,0
DA:85,0
DA:86,0
DA:89,0
DA:91,0
DA:94,0
DA:95,0
DA:102,0
DA:104,0
DA:105,0
DA:106,0
DA:107,0
DA:108,0
DA:111,0
DA:112,0
DA:113,0
DA:114,0
DA:115,0
DA:118,0
DA:119,0
DA:120,0
DA:121,0
DA:122,0
DA:123,0
DA:126,0
DA:127,0
DA:129,0
DA:130,0
DA:131,0
DA:132,0
LF:78
LH:0
end_of_record
SF:lib/data/data_mappers/product_result_data_mapper.dart
DA:4,0
DA:5,0
DA:6,0
LF:3
LH:0
end_of_record
SF:lib/data/data_sources/local/local_data_source_impl.dart
DA:4,1
DA:13,0
DA:16,0
DA:717,0
DA:720,0
DA:721,0
DA:722,0
DA:726,0
DA:728,0
DA:729,0
DA:730,0
DA:731,0
DA:733,0
DA:738,0
LF:14
LH:1
end_of_record
SF:lib/data/data_sources/remote/remote_data_source_impl.dart
DA:9,1
DA:11,0
DA:13,0
DA:14,0
DA:17,0
DA:20,0
DA:21,0
DA:22,0
DA:23,0
DA:24,0
DA:25,0
DA:26,0
DA:27,0
DA:28,0
DA:32,0
DA:33,0
DA:37,0
DA:39,0
DA:44,0
DA:45,0
DA:46,0
DA:47,0
DA:48,0
DA:49,0
DA:55,0
DA:57,0
DA:58,0
DA:60,0
DA:67,0
DA:69,0
DA:76,0
DA:77,0
DA:78,0
DA:81,0
DA:82,0
DA:86,0
DA:95,0
DA:97,0
DA:98,0
DA:101,0
DA:103,0
DA:107,0
DA:108,0
DA:109,0
LF:44
LH:1
end_of_record
SF:lib/di/dependencies.dart
DA:9,0
LF:1
LH:0
end_of_record
SF:lib/di/dependencies_scope.dart
DA:12,0
DA:22,0
DA:23,0
DA:26,0
DA:28,0
DA:30,0
DA:31,0
DA:32,0
DA:36,0
LF:9
LH:0
end_of_record
SF:lib/extensions/context_extension.dart
DA:11,0
DA:15,0
DA:16,0
DA:24,0
DA:27,0
DA:28,0
DA:29,0
DA:34,0
DA:37,0
DA:40,0
DA:41,0
DA:42,0
DA:43,0
LF:13
LH:0
end_of_record
SF:lib/routes/app_route.dart
DA:4,0
DA:6,0
DA:8,0
DA:9,0
DA:10,0
DA:11,0
LF:6
LH:0
end_of_record
