SF:lib/extensions/context_extension.dart
DA:11,2
DA:15,1
DA:16,1
DA:24,2
DA:27,2
DA:28,1
DA:29,1
DA:34,1
DA:35,1
DA:36,1
DA:37,1
LF:11
LH:11
end_of_record
SF:lib/di/dependencies.dart
DA:9,2
LF:1
LH:1
end_of_record
SF:lib/data/data_mappers/product_data_mapper.dart
DA:5,4
DA:6,2
DA:7,2
DA:8,2
DA:9,2
DA:10,2
DA:11,2
DA:12,2
DA:13,2
DA:14,2
DA:15,2
DA:16,2
DA:17,2
DA:20,2
DA:21,4
DA:22,2
DA:23,0
DA:24,0
DA:26,1
DA:28,2
DA:32,2
DA:33,4
DA:34,1
DA:35,2
DA:36,4
DA:39,1
DA:40,1
DA:43,2
DA:44,6
DA:45,2
DA:46,4
DA:50,2
DA:51,0
DA:54,2
DA:55,2
DA:56,0
DA:58,6
DA:59,6
DA:60,2
DA:61,0
DA:62,0
DA:64,0
DA:66,2
DA:70,2
DA:71,6
DA:73,2
DA:75,2
DA:78,3
DA:79,2
DA:85,2
DA:86,6
DA:89,2
DA:91,4
DA:94,0
DA:95,0
DA:102,8
DA:104,3
DA:105,1
DA:106,1
DA:107,2
DA:108,2
DA:111,6
DA:112,2
DA:113,2
DA:114,2
DA:115,2
DA:118,2
DA:119,6
DA:120,1
DA:121,2
DA:122,1
DA:123,2
DA:126,2
DA:127,6
DA:129,2
DA:130,4
DA:131,2
DA:132,4
LF:78
LH:69
end_of_record
SF:lib/data/data_mappers/product_result_data_mapper.dart
DA:4,1
DA:5,2
DA:6,0
LF:3
LH:2
end_of_record
SF:lib/data/data_sources/local/local_data_source_impl.dart
DA:4,8
DA:13,1
DA:16,1
DA:717,1
DA:720,1
DA:721,0
DA:722,0
DA:726,1
DA:728,1
DA:729,4
DA:730,3
DA:731,1
DA:733,2
DA:738,3
LF:14
LH:12
end_of_record
SF:lib/data/data_sources/remote/remote_data_source_impl.dart
DA:9,8
DA:11,1
DA:13,1
DA:14,1
DA:17,1
DA:20,2
DA:21,2
DA:22,2
DA:23,0
DA:24,0
DA:25,0
DA:26,0
DA:27,0
DA:28,0
DA:32,0
DA:33,0
DA:37,0
DA:39,0
DA:44,0
DA:45,0
DA:46,0
DA:47,0
DA:48,0
DA:49,0
DA:55,0
DA:57,0
DA:58,0
DA:60,0
DA:67,0
DA:69,0
DA:76,0
DA:77,0
DA:78,0
DA:81,0
DA:82,0
DA:86,0
DA:95,0
DA:97,0
DA:98,0
DA:101,0
DA:103,0
DA:107,0
DA:108,0
DA:109,0
LF:44
LH:8
end_of_record
SF:lib/routes/app_route.dart
DA:4,2
DA:6,2
DA:8,2
DA:9,4
DA:10,1
DA:11,2
LF:6
LH:6
end_of_record
SF:lib/routes/app_router.dart
DA:7,1
DA:8,3
DA:9,1
DA:11,0
DA:12,0
DA:13,0
DA:14,0
DA:16,0
DA:17,0
DA:18,0
DA:19,0
DA:20,0
DA:21,0
DA:28,0
DA:29,0
DA:31,3
DA:32,1
DA:34,0
DA:35,0
DA:36,0
DA:37,0
DA:38,0
DA:39,0
DA:45,0
DA:46,0
DA:47,0
DA:55,1
DA:59,0
DA:64,0
DA:66,0
LF:30
LH:6
end_of_record
SF:lib/di/dependencies_scope.dart
DA:12,1
DA:22,1
DA:23,1
DA:26,1
DA:28,0
DA:30,0
DA:31,0
DA:32,0
DA:36,0
LF:9
LH:4
end_of_record
